2024-08-26 10:44:33,613 - __main__ - INFO - Loading configuration and credentials...
2024-08-26 10:44:33,620 - __main__ - INFO - Initializing the DataLoader...
2024-08-26 10:44:33,620 - root - INFO - Initializing DataLoader with config: 
2024-08-26 10:44:33,841 - __main__ - INFO - Loading SFT model and tokenizer...
2024-08-26 10:47:18,777 - __main__ - INFO - Loading configuration and credentials...
2024-08-26 10:47:18,783 - __main__ - INFO - Initializing the DataLoader...
2024-08-26 10:47:18,783 - root - INFO - Initializing DataLoader with config: 
2024-08-26 10:47:18,993 - __main__ - INFO - Loading SFT model and tokenizer...
2024-08-26 10:58:46,543 - __main__ - INFO - Loading configuration and credentials...
2024-08-26 10:58:46,549 - __main__ - INFO - Initializing the DataLoader...
2024-08-26 10:58:46,549 - root - INFO - Initializing DataLoader with config: 
2024-08-26 10:58:46,790 - __main__ - INFO - Loading SFT model and tokenizer...
2024-08-26 10:59:19,295 - __main__ - INFO - Loading configuration and credentials...
2024-08-26 10:59:19,301 - __main__ - INFO - Initializing the DataLoader...
2024-08-26 10:59:19,301 - root - INFO - Initializing DataLoader with config: 
2024-08-26 10:59:19,510 - __main__ - INFO - Loading SFT model and tokenizer...
2024-08-26 10:59:21,662 - accelerate.utils.modeling - INFO - We will use 90% of the memory on device 0 for storing the model, and 10% for the buffer to avoid OOM. You can set `max_memory` in to a higher value to use more memory (at your own risk).
2024-08-26 11:00:54,842 - accelerate.big_modeling - WARNING - Some parameters are on the meta device device because they were offloaded to the cpu.
2024-08-26 11:00:55,005 - accelerate.utils.modeling - INFO - We will use 90% of the memory on device 0 for storing the model, and 10% for the buffer to avoid OOM. You can set `max_memory` in to a higher value to use more memory (at your own risk).
2024-08-26 11:00:55,168 - accelerate.big_modeling - WARNING - Some parameters are on the meta device device because they were offloaded to the cpu.
2024-08-26 11:00:55,619 - __main__ - INFO - Loading and preprocessing the dataset...
2024-08-26 11:00:55,619 - root - INFO - Loading saved datasets from disk...
2024-08-26 11:00:55,630 - root - INFO - Saved datasets loaded successfully.
2024-08-26 11:00:55,630 - root - INFO - Preprocessing dataset for DPO...
2024-08-26 11:00:56,068 - root - INFO - Preprocessing for DPO completed.
2024-08-26 11:00:56,068 - __main__ - INFO - Setting up training arguments...
2024-08-26 11:01:48,299 - __main__ - INFO - Loading configuration and credentials...
2024-08-26 11:01:48,305 - __main__ - INFO - Initializing the DataLoader...
2024-08-26 11:01:48,305 - root - INFO - Initializing DataLoader with config: 
2024-08-26 11:01:48,522 - __main__ - INFO - Loading SFT model and tokenizer...
2024-08-26 11:01:51,856 - accelerate.utils.modeling - INFO - We will use 90% of the memory on device 0 for storing the model, and 10% for the buffer to avoid OOM. You can set `max_memory` in to a higher value to use more memory (at your own risk).
2024-08-26 11:02:00,799 - accelerate.big_modeling - WARNING - Some parameters are on the meta device device because they were offloaded to the cpu.
2024-08-26 11:02:00,954 - accelerate.utils.modeling - INFO - We will use 90% of the memory on device 0 for storing the model, and 10% for the buffer to avoid OOM. You can set `max_memory` in to a higher value to use more memory (at your own risk).
2024-08-26 11:02:01,126 - accelerate.big_modeling - WARNING - Some parameters are on the meta device device because they were offloaded to the cpu.
2024-08-26 11:02:01,469 - __main__ - INFO - Loading and preprocessing the dataset...
2024-08-26 11:02:01,470 - root - INFO - Loading saved datasets from disk...
2024-08-26 11:02:01,498 - root - INFO - Saved datasets loaded successfully.
2024-08-26 11:02:01,498 - root - INFO - Preprocessing dataset for DPO...
2024-08-26 11:02:01,929 - root - INFO - Preprocessing for DPO completed.
2024-08-26 11:02:01,929 - __main__ - INFO - Setting up training arguments...
2024-08-26 11:02:02,034 - __main__ - INFO - Initializing DPO Trainer...
2024-08-26 11:04:26,096 - __main__ - INFO - Loading configuration and credentials...
2024-08-26 11:04:26,102 - __main__ - INFO - Initializing the DataLoader...
2024-08-26 11:04:26,102 - root - INFO - Initializing DataLoader with config: 
2024-08-26 11:04:26,376 - __main__ - INFO - Loading SFT model and tokenizer...
2024-08-26 11:04:28,531 - accelerate.utils.modeling - INFO - We will use 90% of the memory on device 0 for storing the model, and 10% for the buffer to avoid OOM. You can set `max_memory` in to a higher value to use more memory (at your own risk).
2024-08-26 11:04:37,109 - accelerate.big_modeling - WARNING - Some parameters are on the meta device device because they were offloaded to the cpu.
2024-08-26 11:04:37,266 - accelerate.utils.modeling - INFO - We will use 90% of the memory on device 0 for storing the model, and 10% for the buffer to avoid OOM. You can set `max_memory` in to a higher value to use more memory (at your own risk).
2024-08-26 11:04:37,424 - accelerate.big_modeling - WARNING - Some parameters are on the meta device device because they were offloaded to the cpu.
2024-08-26 11:04:37,680 - __main__ - INFO - Loading and preprocessing the dataset...
2024-08-26 11:04:37,680 - root - INFO - Loading saved datasets from disk...
2024-08-26 11:04:37,690 - root - INFO - Saved datasets loaded successfully.
2024-08-26 11:04:37,690 - root - INFO - Preprocessing dataset for DPO...
2024-08-26 11:04:38,143 - root - INFO - Preprocessing for DPO completed.
2024-08-26 11:04:38,144 - __main__ - INFO - Setting up training arguments...
2024-08-26 11:04:38,430 - __main__ - INFO - Initializing DPO Trainer...
2024-08-26 11:11:29,451 - __main__ - INFO - Loading configuration and credentials...
2024-08-26 11:11:29,469 - __main__ - INFO - Initializing the DataLoader...
2024-08-26 11:11:29,469 - root - INFO - Initializing DataLoader with config: 
2024-08-26 11:11:29,685 - __main__ - INFO - Loading SFT model and tokenizer...
2024-08-26 11:11:34,099 - accelerate.utils.modeling - INFO - We will use 90% of the memory on device 0 for storing the model, and 10% for the buffer to avoid OOM. You can set `max_memory` in to a higher value to use more memory (at your own risk).
2024-08-26 11:11:44,165 - accelerate.big_modeling - WARNING - Some parameters are on the meta device device because they were offloaded to the cpu.
2024-08-26 11:11:44,324 - accelerate.utils.modeling - INFO - We will use 90% of the memory on device 0 for storing the model, and 10% for the buffer to avoid OOM. You can set `max_memory` in to a higher value to use more memory (at your own risk).
2024-08-26 11:11:44,475 - accelerate.big_modeling - WARNING - Some parameters are on the meta device device because they were offloaded to the cpu.
2024-08-26 11:11:44,750 - __main__ - INFO - Loading and preprocessing the dataset...
2024-08-26 11:11:44,750 - root - INFO - Loading saved datasets from disk...
2024-08-26 11:11:44,813 - root - INFO - Saved datasets loaded successfully.
2024-08-26 11:11:44,813 - root - INFO - Preprocessing dataset for DPO...
2024-08-26 11:11:45,240 - root - INFO - Preprocessing for DPO completed.
2024-08-26 11:11:45,240 - __main__ - INFO - Setting up training arguments...
2024-08-26 11:11:45,399 - __main__ - INFO - Initializing DPO Trainer...
2024-08-26 11:12:23,435 - __main__ - INFO - Loading configuration and credentials...
2024-08-26 11:12:23,451 - __main__ - INFO - Initializing the DataLoader...
2024-08-26 11:12:23,451 - root - INFO - Initializing DataLoader with config: 
2024-08-26 11:12:23,710 - __main__ - INFO - Loading SFT model and tokenizer...
2024-08-26 11:12:28,769 - accelerate.utils.modeling - INFO - We will use 90% of the memory on device 0 for storing the model, and 10% for the buffer to avoid OOM. You can set `max_memory` in to a higher value to use more memory (at your own risk).
2024-08-26 11:12:38,581 - accelerate.big_modeling - WARNING - Some parameters are on the meta device device because they were offloaded to the cpu.
2024-08-26 11:12:38,735 - accelerate.utils.modeling - INFO - We will use 90% of the memory on device 0 for storing the model, and 10% for the buffer to avoid OOM. You can set `max_memory` in to a higher value to use more memory (at your own risk).
2024-08-26 11:12:38,889 - accelerate.big_modeling - WARNING - Some parameters are on the meta device device because they were offloaded to the cpu.
2024-08-26 11:12:39,153 - __main__ - INFO - Loading and preprocessing the dataset...
2024-08-26 11:12:39,154 - root - INFO - Loading saved datasets from disk...
2024-08-26 11:12:39,223 - root - INFO - Saved datasets loaded successfully.
2024-08-26 11:12:39,223 - root - INFO - Preprocessing dataset for DPO...
2024-08-26 11:12:39,684 - root - INFO - Preprocessing for DPO completed.
2024-08-26 11:12:39,684 - __main__ - INFO - Setting up training arguments...
2024-08-26 11:12:39,839 - __main__ - INFO - Initializing DPO Trainer...
2024-08-26 11:22:24,224 - __main__ - INFO - Loading configuration and credentials...
2024-08-26 11:22:24,229 - __main__ - INFO - Initializing the DataLoader...
2024-08-26 11:22:24,229 - root - INFO - Initializing DataLoader with config: 
2024-08-26 11:22:24,445 - __main__ - INFO - Loading SFT model and tokenizer...
2024-08-26 11:22:26,759 - accelerate.utils.modeling - INFO - We will use 90% of the memory on device 0 for storing the model, and 10% for the buffer to avoid OOM. You can set `max_memory` in to a higher value to use more memory (at your own risk).
2024-08-26 11:22:35,733 - __main__ - INFO - Loading and preprocessing the dataset...
2024-08-26 11:22:35,733 - root - INFO - Loading saved datasets from disk...
2024-08-26 11:22:35,744 - root - INFO - Saved datasets loaded successfully.
2024-08-26 11:22:35,744 - root - INFO - Preprocessing dataset for DPO...
2024-08-26 11:22:36,175 - root - INFO - Preprocessing for DPO completed.
2024-08-26 11:22:36,175 - __main__ - INFO - Setting up training arguments...
2024-08-26 11:22:36,257 - __main__ - INFO - Initializing DPO Trainer...
2024-08-26 11:34:47,837 - __main__ - INFO - Loading configuration and credentials...
2024-08-26 11:34:47,843 - __main__ - INFO - Initializing the DataLoader...
2024-08-26 11:34:47,843 - root - INFO - Initializing DataLoader with config: 
2024-08-26 11:34:48,063 - __main__ - INFO - Loading SFT model and tokenizer...
2024-08-26 11:34:50,433 - accelerate.utils.modeling - INFO - We will use 90% of the memory on device 0 for storing the model, and 10% for the buffer to avoid OOM. You can set `max_memory` in to a higher value to use more memory (at your own risk).
2024-08-26 11:34:59,679 - __main__ - INFO - Loading and preprocessing the dataset...
2024-08-26 11:34:59,679 - root - INFO - Loading saved datasets from disk...
2024-08-26 11:34:59,690 - root - INFO - Saved datasets loaded successfully.
2024-08-26 11:34:59,690 - root - INFO - Preprocessing dataset for DPO...
2024-08-26 11:35:00,127 - root - INFO - Preprocessing for DPO completed.
2024-08-26 11:35:00,127 - __main__ - INFO - Setting up training arguments...
2024-08-26 11:35:00,288 - __main__ - INFO - Initializing DPO Trainer...
2024-08-26 11:36:45,264 - __main__ - INFO - Loading configuration and credentials...
2024-08-26 11:36:45,269 - __main__ - INFO - Initializing the DataLoader...
2024-08-26 11:36:45,269 - root - INFO - Initializing DataLoader with config: 
2024-08-26 11:36:45,482 - __main__ - INFO - Loading SFT model and tokenizer...
2024-08-26 11:36:47,787 - accelerate.utils.modeling - INFO - We will use 90% of the memory on device 0 for storing the model, and 10% for the buffer to avoid OOM. You can set `max_memory` in to a higher value to use more memory (at your own risk).
2024-08-26 11:36:56,762 - __main__ - INFO - Loading and preprocessing the dataset...
2024-08-26 11:36:56,762 - root - INFO - Loading saved datasets from disk...
2024-08-26 11:36:56,772 - root - INFO - Saved datasets loaded successfully.
2024-08-26 11:36:56,772 - root - INFO - Preprocessing dataset for DPO...
2024-08-26 11:36:57,224 - root - INFO - Preprocessing for DPO completed.
2024-08-26 11:36:57,224 - __main__ - INFO - Setting up training arguments...
2024-08-26 11:36:57,287 - __main__ - INFO - Initializing DPO Trainer...
2024-08-26 11:38:56,671 - __main__ - INFO - Loading configuration and credentials...
2024-08-26 11:38:56,677 - __main__ - INFO - Initializing the DataLoader...
2024-08-26 11:38:56,677 - root - INFO - Initializing DataLoader with config: 
2024-08-26 11:38:56,887 - __main__ - INFO - Loading SFT model and tokenizer...
2024-08-26 11:38:58,818 - accelerate.utils.modeling - INFO - We will use 90% of the memory on device 0 for storing the model, and 10% for the buffer to avoid OOM. You can set `max_memory` in to a higher value to use more memory (at your own risk).
2024-08-26 11:39:07,924 - __main__ - INFO - Loading and preprocessing the dataset...
2024-08-26 11:39:07,925 - root - INFO - Loading saved datasets from disk...
2024-08-26 11:39:07,935 - root - INFO - Saved datasets loaded successfully.
2024-08-26 11:39:07,935 - root - INFO - Preprocessing dataset for DPO...
2024-08-26 11:39:08,366 - root - INFO - Preprocessing for DPO completed.
2024-08-26 11:39:08,366 - __main__ - INFO - Setting up training arguments...
2024-08-26 11:39:08,437 - __main__ - INFO - Initializing DPO Trainer...
2024-08-26 11:59:10,374 - __main__ - INFO - Loading configuration and credentials...
2024-08-26 11:59:10,381 - __main__ - INFO - Initializing the DataLoader...
2024-08-26 11:59:10,381 - root - INFO - Initializing DataLoader with config: 
2024-08-26 11:59:10,600 - __main__ - INFO - Loading SFT model and tokenizer...
2024-08-26 11:59:13,032 - accelerate.utils.modeling - INFO - We will use 90% of the memory on device 0 for storing the model, and 10% for the buffer to avoid OOM. You can set `max_memory` in to a higher value to use more memory (at your own risk).
2024-08-26 12:00:24,824 - __main__ - INFO - Loading and preprocessing the dataset...
2024-08-26 12:00:24,824 - root - INFO - Loading saved datasets from disk...
2024-08-26 12:00:24,836 - root - INFO - Saved datasets loaded successfully.
2024-08-26 12:00:24,836 - root - INFO - Preprocessing dataset for DPO...
2024-08-26 12:00:25,272 - root - INFO - Preprocessing for DPO completed.
2024-08-26 12:00:25,272 - __main__ - INFO - Setting up training arguments...
2024-08-26 12:00:25,345 - __main__ - INFO - Initializing DPO Trainer...
